{

  "init": "25",
  "goal": "0",
  "nodes" : {
    "0": {
      "expected_successor": false,
      "action": "---",
      "state": "0x966140",
      "distance": 0,
      "is_relevant": 1,
      "is_goal": 1,
      "is_sc": 1,
      "successors": [

       ]
    },
    "1": {
      "expected_successor": "0",
      "action": "complete",
      "state": "0x984d90",
      "distance": 1,
      "is_relevant": 0,
      "is_goal": 0,
      "is_sc": 1,
      "successors": [
        {
            "outcome_label": "complete_DETDUP_complete__finish-EQ-finish",
            "successor_id": "0"
        }
       ]
    },
    "2": {
      "expected_successor": "1",
      "action": "set-restaurant",
      "state": "0x97d4b0",
      "distance": 2,
      "is_relevant": 0,
      "is_goal": 0,
      "is_sc": 1,
      "successors": [
        {
            "outcome_label": "set-restaurant_DETDUP_set-restaurant__assign_restaurant-EQ-set-chinese",
            "successor_id": "1"
        },
        {
            "outcome_label": "set-restaurant_DETDUP_set-restaurant__assign_restaurant-EQ-set-dessert",
            "successor_id": "1"
        },
        {
            "outcome_label": "set-restaurant_DETDUP_set-restaurant__assign_restaurant-EQ-set-italian",
            "successor_id": "1"
        },
        {
            "outcome_label": "set-restaurant_DETDUP_set-restaurant__assign_restaurant-EQ-set-mexican",
            "successor_id": "1"
        }
       ]
    },
    "3": {
      "expected_successor": "2",
      "action": "dialogue_statement",
      "state": "0x984cf0",
      "distance": 3,
      "is_relevant": 0,
      "is_goal": 0,
      "is_sc": 1,
      "successors": [
        {
            "outcome_label": "dialogue_statement_DETDUP_dialogue_statement__reset-EQ-lock",
            "successor_id": "2"
        }
       ]
    },
    "4": {
      "expected_successor": "3",
      "action": "slot-fill__get-cuisine",
      "state": "0x9808c0",
      "distance": 4,
      "is_relevant": 0,
      "is_goal": 0,
      "is_sc": 1,
      "successors": [
        {
            "outcome_label": "slot-fill__get-cuisine_DETDUP_slot-fill__get-cuisine__validate-slot-fill-EQ-cuisine_found",
            "successor_id": "3"
        },
        {
            "outcome_label": "slot-fill__get-cuisine_DETDUP_slot-fill__get-cuisine__validate-slot-fill-EQ-cuisine_maybe-found",
            "successor_id": "11"
        },
        {
            "outcome_label": "slot-fill__get-cuisine_DETDUP_slot-fill__get-cuisine__validate-slot-fill-EQ-fallback",
            "successor_id": "5"
        }
       ]
    },
    "5": {
      "expected_successor": "4",
      "action": "dialogue_statement",
      "state": "0x97f2b0",
      "distance": 5,
      "is_relevant": 0,
      "is_goal": 0,
      "is_sc": 1,
      "successors": [
        {
            "outcome_label": "dialogue_statement_DETDUP_dialogue_statement__reset-EQ-lock",
            "successor_id": "4"
        }
       ]
    },
    "6": {
      "expected_successor": "5",
      "action": "slot-fill__get-location",
      "state": "0x97f470",
      "distance": 6,
      "is_relevant": 0,
      "is_goal": 0,
      "is_sc": 1,
      "successors": [
        {
            "outcome_label": "slot-fill__get-location_DETDUP_slot-fill__get-location__validate-slot-fill-EQ-fallback",
            "successor_id": "15"
        },
        {
            "outcome_label": "slot-fill__get-location_DETDUP_slot-fill__get-location__validate-slot-fill-EQ-location_found",
            "successor_id": "5"
        },
        {
            "outcome_label": "slot-fill__get-location_DETDUP_slot-fill__get-location__validate-slot-fill-EQ-location_maybe-found",
            "successor_id": "13"
        }
       ]
    },
    "11": {
      "expected_successor": "3",
      "action": "clarify__cuisine",
      "state": "0x988180",
      "distance": 4,
      "is_relevant": 0,
      "is_goal": 0,
      "is_sc": 1,
      "successors": [
        {
            "outcome_label": "clarify__cuisine_DETDUP_clarify__cuisine__validate-clarification-EQ-confirm",
            "successor_id": "3"
        },
        {
            "outcome_label": "clarify__cuisine_DETDUP_clarify__cuisine__validate-clarification-EQ-deny",
            "successor_id": "4"
        },
        {
            "outcome_label": "clarify__cuisine_DETDUP_clarify__cuisine__validate-clarification-EQ-fallback",
            "successor_id": "12"
        }
       ]
    },
    "12": {
      "expected_successor": "11",
      "action": "dialogue_statement",
      "state": "0x9894d0",
      "distance": 5,
      "is_relevant": 0,
      "is_goal": 0,
      "is_sc": 1,
      "successors": [
        {
            "outcome_label": "dialogue_statement_DETDUP_dialogue_statement__reset-EQ-lock",
            "successor_id": "11"
        }
       ]
    },
    "13": {
      "expected_successor": "5",
      "action": "clarify__location",
      "state": "0x98a5e0",
      "distance": 6,
      "is_relevant": 0,
      "is_goal": 0,
      "is_sc": 1,
      "successors": [
        {
            "outcome_label": "clarify__location_DETDUP_clarify__location__validate-clarification-EQ-confirm",
            "successor_id": "5"
        },
        {
            "outcome_label": "clarify__location_DETDUP_clarify__location__validate-clarification-EQ-deny",
            "successor_id": "6"
        },
        {
            "outcome_label": "clarify__location_DETDUP_clarify__location__validate-clarification-EQ-fallback",
            "successor_id": "14"
        }
       ]
    },
    "14": {
      "expected_successor": "13",
      "action": "dialogue_statement",
      "state": "0x98d8c0",
      "distance": 7,
      "is_relevant": 0,
      "is_goal": 0,
      "is_sc": 1,
      "successors": [
        {
            "outcome_label": "dialogue_statement_DETDUP_dialogue_statement__reset-EQ-lock",
            "successor_id": "13"
        }
       ]
    },
    "15": {
      "expected_successor": "6",
      "action": "dialogue_statement",
      "state": "0x98c4f0",
      "distance": 7,
      "is_relevant": 0,
      "is_goal": 0,
      "is_sc": 1,
      "successors": [
        {
            "outcome_label": "dialogue_statement_DETDUP_dialogue_statement__reset-EQ-lock",
            "successor_id": "6"
        }
       ]
    },
    "22": {
      "expected_successor": "6",
      "action": "get-have-allergy",
      "state": "0x98e970",
      "distance": 7,
      "is_relevant": 0,
      "is_goal": 0,
      "is_sc": 1,
      "successors": [
        {
            "outcome_label": "get-have-allergy_DETDUP_get-have-allergy__set-allergy-EQ-fallback",
            "successor_id": "44"
        },
        {
            "outcome_label": "get-have-allergy_DETDUP_get-have-allergy__set-allergy-EQ-indicate_allergy",
            "successor_id": "21"
        },
        {
            "outcome_label": "get-have-allergy_DETDUP_get-have-allergy__set-allergy-EQ-indicate_no_allergy",
            "successor_id": "6"
        }
       ]
    },
    "23": {
      "expected_successor": "22",
      "action": "slot-fill__get-phone_number",
      "state": "0x98eb80",
      "distance": 8,
      "is_relevant": 0,
      "is_goal": 0,
      "is_sc": 1,
      "successors": [
        {
            "outcome_label": "slot-fill__get-phone_number_DETDUP_slot-fill__get-phone_number__validate-slot-fill-EQ-fallback",
            "successor_id": "47"
        },
        {
            "outcome_label": "slot-fill__get-phone_number_DETDUP_slot-fill__get-phone_number__validate-slot-fill-EQ-phone_number_found",
            "successor_id": "22"
        },
        {
            "outcome_label": "slot-fill__get-phone_number_DETDUP_slot-fill__get-phone_number__validate-slot-fill-EQ-phone_number_maybe-found",
            "successor_id": "45"
        }
       ]
    },
    "24": {
      "expected_successor": "23",
      "action": "set-outing",
      "state": "0x98ed60",
      "distance": 9,
      "is_relevant": 0,
      "is_goal": 0,
      "is_sc": 1,
      "successors": [
        {
            "outcome_label": "set-outing_DETDUP_set-outing__assign_outing-EQ-set-club",
            "successor_id": "23"
        },
        {
            "outcome_label": "set-outing_DETDUP_set-outing__assign_outing-EQ-set-golf",
            "successor_id": "23"
        },
        {
            "outcome_label": "set-outing_DETDUP_set-outing__assign_outing-EQ-set-library",
            "successor_id": "23"
        },
        {
            "outcome_label": "set-outing_DETDUP_set-outing__assign_outing-EQ-set-theater",
            "successor_id": "23"
        }
       ]
    },
    "25": {
      "expected_successor": "24",
      "action": "slot-fill__get_outing",
      "state": "0x98ef20",
      "distance": 10,
      "is_relevant": 0,
      "is_goal": 0,
      "is_sc": 1,
      "successors": [
        {
            "outcome_label": "slot-fill__get_outing_DETDUP_slot-fill__get_outing__validate-slot-fill-EQ-budget_found",
            "successor_id": "60"
        },
        {
            "outcome_label": "slot-fill__get_outing_DETDUP_slot-fill__get_outing__validate-slot-fill-EQ-budget_found-outing_type_found",
            "successor_id": "24"
        },
        {
            "outcome_label": "slot-fill__get_outing_DETDUP_slot-fill__get_outing__validate-slot-fill-EQ-budget_found-outing_type_maybe-found",
            "successor_id": "57"
        },
        {
            "outcome_label": "slot-fill__get_outing_DETDUP_slot-fill__get_outing__validate-slot-fill-EQ-fallback",
            "successor_id": "56"
        },
        {
            "outcome_label": "slot-fill__get_outing_DETDUP_slot-fill__get_outing__validate-slot-fill-EQ-outing_type_found",
            "successor_id": "50"
        },
        {
            "outcome_label": "slot-fill__get_outing_DETDUP_slot-fill__get_outing__validate-slot-fill-EQ-outing_type_maybe-found",
            "successor_id": "51"
        }
       ]
    },
    "28": {
      "expected_successor": "31",
      "action": "reset-preferences",
      "state": "0x98ff20",
      "distance": 7,
      "is_relevant": 0,
      "is_goal": 0,
      "is_sc": 1,
      "successors": [
        {
            "outcome_label": "reset-preferences_DETDUP_reset-preferences__reset-EQ-reset-values",
            "successor_id": "31"
        }
       ]
    },
    "29": {
      "expected_successor": "32",
      "action": "get-allergy",
      "state": "0x991e40",
      "distance": 6,
      "is_relevant": 0,
      "is_goal": 0,
      "is_sc": 1,
      "successors": [
        {
            "outcome_label": "get-allergy_DETDUP_get-allergy__set-allergy-EQ-fallback",
            "successor_id": "38"
        },
        {
            "outcome_label": "get-allergy_DETDUP_get-allergy__set-allergy-EQ-update_allergy",
            "successor_id": "32"
        }
       ]
    },
    "30": {
      "expected_successor": "4",
      "action": "get-have-allergy",
      "state": "0x9940a0",
      "distance": 5,
      "is_relevant": 0,
      "is_goal": 0,
      "is_sc": 1,
      "successors": [
        {
            "outcome_label": "get-have-allergy_DETDUP_get-have-allergy__set-allergy-EQ-fallback",
            "successor_id": "31"
        },
        {
            "outcome_label": "get-have-allergy_DETDUP_get-have-allergy__set-allergy-EQ-indicate_allergy",
            "successor_id": "29"
        },
        {
            "outcome_label": "get-have-allergy_DETDUP_get-have-allergy__set-allergy-EQ-indicate_no_allergy",
            "successor_id": "4"
        }
       ]
    },
    "31": {
      "expected_successor": "30",
      "action": "dialogue_statement",
      "state": "0x991ce0",
      "distance": 6,
      "is_relevant": 0,
      "is_goal": 0,
      "is_sc": 1,
      "successors": [
        {
            "outcome_label": "dialogue_statement_DETDUP_dialogue_statement__reset-EQ-lock",
            "successor_id": "30"
        }
       ]
    },
    "34": {
      "expected_successor": "37",
      "action": "clarify__cuisine",
      "state": "0x992730",
      "distance": 5,
      "is_relevant": 0,
      "is_goal": 0,
      "is_sc": 1,
      "successors": [
        {
            "outcome_label": "clarify__cuisine_DETDUP_clarify__cuisine__validate-clarification-EQ-confirm",
            "successor_id": "37"
        },
        {
            "outcome_label": "clarify__cuisine_DETDUP_clarify__cuisine__validate-clarification-EQ-deny",
            "successor_id": "32"
        },
        {
            "outcome_label": "clarify__cuisine_DETDUP_clarify__cuisine__validate-clarification-EQ-fallback",
            "successor_id": "35"
        }
       ]
    },
    "20": {
      "expected_successor": "19",
      "action": "slot-fill__get-location",
      "state": "0x98c9d0",
      "distance": 7,
      "is_relevant": 0,
      "is_goal": 0,
      "is_sc": 1,
      "successors": [
        {
            "outcome_label": "slot-fill__get-location_DETDUP_slot-fill__get-location__validate-slot-fill-EQ-fallback",
            "successor_id": "42"
        },
        {
            "outcome_label": "slot-fill__get-location_DETDUP_slot-fill__get-location__validate-slot-fill-EQ-location_found",
            "successor_id": "19"
        },
        {
            "outcome_label": "slot-fill__get-location_DETDUP_slot-fill__get-location__validate-slot-fill-EQ-location_maybe-found",
            "successor_id": "40"
        }
       ]
    },
    "21": {
      "expected_successor": "20",
      "action": "get-allergy",
      "state": "0x97d490",
      "distance": 8,
      "is_relevant": 0,
      "is_goal": 0,
      "is_sc": 1,
      "successors": [
        {
            "outcome_label": "get-allergy_DETDUP_get-allergy__set-allergy-EQ-fallback",
            "successor_id": "43"
        },
        {
            "outcome_label": "get-allergy_DETDUP_get-allergy__set-allergy-EQ-update_allergy",
            "successor_id": "20"
        }
       ]
    },
    "16": {
      "expected_successor": "2",
      "action": "check-conflicts",
      "state": "0x98c3f0",
      "distance": 3,
      "is_relevant": 0,
      "is_goal": 0,
      "is_sc": 1,
      "successors": [
        {
            "outcome_label": "check-conflicts_DETDUP_check-conflicts__check-conflicts-EQ-no-restriction-1",
            "successor_id": "2"
        },
        {
            "outcome_label": "check-conflicts_DETDUP_check-conflicts__check-conflicts-EQ-no-restriction-2",
            "successor_id": "2"
        },
        {
            "outcome_label": "check-conflicts_DETDUP_check-conflicts__check-conflicts-EQ-no-restriction-3",
            "successor_id": "2"
        },
        {
            "outcome_label": "check-conflicts_DETDUP_check-conflicts__check-conflicts-EQ-no-restriction-4",
            "successor_id": "2"
        },
        {
            "outcome_label": "check-conflicts_DETDUP_check-conflicts__check-conflicts-EQ-restriction-dessert",
            "successor_id": "28"
        },
        {
            "outcome_label": "check-conflicts_DETDUP_check-conflicts__check-conflicts-EQ-restriction-mexican",
            "successor_id": "28"
        }
       ]
    },
    "18": {
      "expected_successor": "17",
      "action": "slot-fill__get-cuisine",
      "state": "0x98d270",
      "distance": 5,
      "is_relevant": 0,
      "is_goal": 0,
      "is_sc": 1,
      "successors": [
        {
            "outcome_label": "slot-fill__get-cuisine_DETDUP_slot-fill__get-cuisine__validate-slot-fill-EQ-cuisine_found",
            "successor_id": "17"
        },
        {
            "outcome_label": "slot-fill__get-cuisine_DETDUP_slot-fill__get-cuisine__validate-slot-fill-EQ-cuisine_maybe-found",
            "successor_id": "34"
        },
        {
            "outcome_label": "slot-fill__get-cuisine_DETDUP_slot-fill__get-cuisine__validate-slot-fill-EQ-fallback",
            "successor_id": "19"
        }
       ]
    },
    "17": {
      "expected_successor": "16",
      "action": "dialogue_statement",
      "state": "0x984e90",
      "distance": 4,
      "is_relevant": 0,
      "is_goal": 0,
      "is_sc": 1,
      "successors": [
        {
            "outcome_label": "dialogue_statement_DETDUP_dialogue_statement__reset-EQ-lock",
            "successor_id": "16"
        }
       ]
    },
    "19": {
      "expected_successor": "18",
      "action": "dialogue_statement",
      "state": "0x994d80",
      "distance": 6,
      "is_relevant": 0,
      "is_goal": 0,
      "is_sc": 1,
      "successors": [
        {
            "outcome_label": "dialogue_statement_DETDUP_dialogue_statement__reset-EQ-lock",
            "successor_id": "18"
        }
       ]
    },
    "32": {
      "expected_successor": "37",
      "action": "slot-fill__get-cuisine",
      "state": "0x991cc0",
      "distance": 5,
      "is_relevant": 0,
      "is_goal": 0,
      "is_sc": 1,
      "successors": [
        {
            "outcome_label": "slot-fill__get-cuisine_DETDUP_slot-fill__get-cuisine__validate-slot-fill-EQ-cuisine_found",
            "successor_id": "37"
        },
        {
            "outcome_label": "slot-fill__get-cuisine_DETDUP_slot-fill__get-cuisine__validate-slot-fill-EQ-cuisine_maybe-found",
            "successor_id": "34"
        },
        {
            "outcome_label": "slot-fill__get-cuisine_DETDUP_slot-fill__get-cuisine__validate-slot-fill-EQ-fallback",
            "successor_id": "33"
        }
       ]
    },
    "33": {
      "expected_successor": "32",
      "action": "dialogue_statement",
      "state": "0x9906f0",
      "distance": 6,
      "is_relevant": 0,
      "is_goal": 0,
      "is_sc": 1,
      "successors": [
        {
            "outcome_label": "dialogue_statement_DETDUP_dialogue_statement__reset-EQ-lock",
            "successor_id": "32"
        }
       ]
    },
    "35": {
      "expected_successor": "34",
      "action": "dialogue_statement",
      "state": "0x999e80",
      "distance": 6,
      "is_relevant": 0,
      "is_goal": 0,
      "is_sc": 1,
      "successors": [
        {
            "outcome_label": "dialogue_statement_DETDUP_dialogue_statement__reset-EQ-lock",
            "successor_id": "34"
        }
       ]
    },
    "36": {
      "expected_successor": "2",
      "action": "check-conflicts",
      "state": "0x98e950",
      "distance": 3,
      "is_relevant": 0,
      "is_goal": 0,
      "is_sc": 1,
      "successors": [
        {
            "outcome_label": "check-conflicts_DETDUP_check-conflicts__check-conflicts-EQ-no-restriction-1",
            "successor_id": "2"
        },
        {
            "outcome_label": "check-conflicts_DETDUP_check-conflicts__check-conflicts-EQ-no-restriction-2",
            "successor_id": "2"
        },
        {
            "outcome_label": "check-conflicts_DETDUP_check-conflicts__check-conflicts-EQ-no-restriction-3",
            "successor_id": "2"
        },
        {
            "outcome_label": "check-conflicts_DETDUP_check-conflicts__check-conflicts-EQ-no-restriction-4",
            "successor_id": "2"
        },
        {
            "outcome_label": "check-conflicts_DETDUP_check-conflicts__check-conflicts-EQ-restriction-dessert",
            "successor_id": "28"
        },
        {
            "outcome_label": "check-conflicts_DETDUP_check-conflicts__check-conflicts-EQ-restriction-mexican",
            "successor_id": "28"
        }
       ]
    },
    "37": {
      "expected_successor": "36",
      "action": "dialogue_statement",
      "state": "0x99b740",
      "distance": 4,
      "is_relevant": 0,
      "is_goal": 0,
      "is_sc": 1,
      "successors": [
        {
            "outcome_label": "dialogue_statement_DETDUP_dialogue_statement__reset-EQ-lock",
            "successor_id": "36"
        }
       ]
    },
    "38": {
      "expected_successor": "39",
      "action": "dialogue_statement",
      "state": "0x99bd40",
      "distance": 7,
      "is_relevant": 0,
      "is_goal": 0,
      "is_sc": 1,
      "successors": [
        {
            "outcome_label": "dialogue_statement_DETDUP_dialogue_statement__reset-EQ-lock",
            "successor_id": "39"
        }
       ]
    },
    "39": {
      "expected_successor": "32",
      "action": "get-allergy",
      "state": "0x99c8e0",
      "distance": 6,
      "is_relevant": 0,
      "is_goal": 0,
      "is_sc": 1,
      "successors": [
        {
            "outcome_label": "get-allergy_DETDUP_get-allergy__set-allergy-EQ-fallback",
            "successor_id": "38"
        },
        {
            "outcome_label": "get-allergy_DETDUP_get-allergy__set-allergy-EQ-update_allergy",
            "successor_id": "32"
        }
       ]
    },
    "40": {
      "expected_successor": "19",
      "action": "clarify__location",
      "state": "0x99d220",
      "distance": 7,
      "is_relevant": 0,
      "is_goal": 0,
      "is_sc": 1,
      "successors": [
        {
            "outcome_label": "clarify__location_DETDUP_clarify__location__validate-clarification-EQ-confirm",
            "successor_id": "19"
        },
        {
            "outcome_label": "clarify__location_DETDUP_clarify__location__validate-clarification-EQ-deny",
            "successor_id": "20"
        },
        {
            "outcome_label": "clarify__location_DETDUP_clarify__location__validate-clarification-EQ-fallback",
            "successor_id": "41"
        }
       ]
    },
    "41": {
      "expected_successor": "40",
      "action": "dialogue_statement",
      "state": "0x99f170",
      "distance": 8,
      "is_relevant": 0,
      "is_goal": 0,
      "is_sc": 1,
      "successors": [
        {
            "outcome_label": "dialogue_statement_DETDUP_dialogue_statement__reset-EQ-lock",
            "successor_id": "40"
        }
       ]
    },
    "42": {
      "expected_successor": "20",
      "action": "dialogue_statement",
      "state": "0x998540",
      "distance": 8,
      "is_relevant": 0,
      "is_goal": 0,
      "is_sc": 1,
      "successors": [
        {
            "outcome_label": "dialogue_statement_DETDUP_dialogue_statement__reset-EQ-lock",
            "successor_id": "20"
        }
       ]
    },
    "44": {
      "expected_successor": "22",
      "action": "dialogue_statement",
      "state": "0x9a5130",
      "distance": 8,
      "is_relevant": 0,
      "is_goal": 0,
      "is_sc": 1,
      "successors": [
        {
            "outcome_label": "dialogue_statement_DETDUP_dialogue_statement__reset-EQ-lock",
            "successor_id": "22"
        }
       ]
    },
    "47": {
      "expected_successor": "23",
      "action": "dialogue_statement",
      "state": "0x9a1a20",
      "distance": 9,
      "is_relevant": 0,
      "is_goal": 0,
      "is_sc": 1,
      "successors": [
        {
            "outcome_label": "dialogue_statement_DETDUP_dialogue_statement__reset-EQ-lock",
            "successor_id": "23"
        }
       ]
    },
    "48": {
      "expected_successor": "24",
      "action": "dialogue_statement",
      "state": "0x9a28a0",
      "distance": 10,
      "is_relevant": 0,
      "is_goal": 0,
      "is_sc": 1,
      "successors": [
        {
            "outcome_label": "dialogue_statement_DETDUP_dialogue_statement__reset-EQ-lock",
            "successor_id": "24"
        }
       ]
    },
    "49": {
      "expected_successor": "48",
      "action": "single_slot__budget",
      "state": "0x9a47f0",
      "distance": 11,
      "is_relevant": 0,
      "is_goal": 0,
      "is_sc": 1,
      "successors": [
        {
            "outcome_label": "single_slot__budget_DETDUP_single_slot__budget__validate-slot-fill-EQ-fallback",
            "successor_id": "50"
        },
        {
            "outcome_label": "single_slot__budget_DETDUP_single_slot__budget__validate-slot-fill-EQ-fill-slot",
            "successor_id": "48"
        }
       ]
    },
    "45": {
      "expected_successor": "22",
      "action": "clarify__phone_number",
      "state": "0x99b9c0",
      "distance": 8,
      "is_relevant": 0,
      "is_goal": 0,
      "is_sc": 1,
      "successors": [
        {
            "outcome_label": "clarify__phone_number_DETDUP_clarify__phone_number__validate-clarification-EQ-confirm",
            "successor_id": "22"
        },
        {
            "outcome_label": "clarify__phone_number_DETDUP_clarify__phone_number__validate-clarification-EQ-deny",
            "successor_id": "23"
        },
        {
            "outcome_label": "clarify__phone_number_DETDUP_clarify__phone_number__validate-clarification-EQ-fallback",
            "successor_id": "46"
        }
       ]
    },
    "46": {
      "expected_successor": "45",
      "action": "dialogue_statement",
      "state": "0x9a4610",
      "distance": 9,
      "is_relevant": 0,
      "is_goal": 0,
      "is_sc": 1,
      "successors": [
        {
            "outcome_label": "dialogue_statement_DETDUP_dialogue_statement__reset-EQ-lock",
            "successor_id": "45"
        }
       ]
    },
    "43": {
      "expected_successor": "21",
      "action": "dialogue_statement",
      "state": "0x99fc60",
      "distance": 9,
      "is_relevant": 0,
      "is_goal": 0,
      "is_sc": 1,
      "successors": [
        {
            "outcome_label": "dialogue_statement_DETDUP_dialogue_statement__reset-EQ-lock",
            "successor_id": "21"
        }
       ]
    },
    "50": {
      "expected_successor": "49",
      "action": "dialogue_statement",
      "state": "0x9a1570",
      "distance": 12,
      "is_relevant": 0,
      "is_goal": 0,
      "is_sc": 1,
      "successors": [
        {
            "outcome_label": "dialogue_statement_DETDUP_dialogue_statement__reset-EQ-lock",
            "successor_id": "49"
        }
       ]
    },
    "51": {
      "expected_successor": "50",
      "action": "clarify__outing_type",
      "state": "0x9a2540",
      "distance": 13,
      "is_relevant": 0,
      "is_goal": 0,
      "is_sc": 1,
      "successors": [
        {
            "outcome_label": "clarify__outing_type_DETDUP_clarify__outing_type__validate-clarification-EQ-confirm",
            "successor_id": "50"
        },
        {
            "outcome_label": "clarify__outing_type_DETDUP_clarify__outing_type__validate-clarification-EQ-deny",
            "successor_id": "55"
        },
        {
            "outcome_label": "clarify__outing_type_DETDUP_clarify__outing_type__validate-clarification-EQ-fallback",
            "successor_id": "52"
        }
       ]
    },
    "54": {
      "expected_successor": "50",
      "action": "clarify__outing_type",
      "state": "0x9aa150",
      "distance": 13,
      "is_relevant": 0,
      "is_goal": 0,
      "is_sc": 1,
      "successors": [
        {
            "outcome_label": "clarify__outing_type_DETDUP_clarify__outing_type__validate-clarification-EQ-confirm",
            "successor_id": "50"
        },
        {
            "outcome_label": "clarify__outing_type_DETDUP_clarify__outing_type__validate-clarification-EQ-deny",
            "successor_id": "55"
        },
        {
            "outcome_label": "clarify__outing_type_DETDUP_clarify__outing_type__validate-clarification-EQ-fallback",
            "successor_id": "53"
        }
       ]
    },
    "52": {
      "expected_successor": "51",
      "action": "dialogue_statement",
      "state": "0x9a8010",
      "distance": 14,
      "is_relevant": 0,
      "is_goal": 0,
      "is_sc": 1,
      "successors": [
        {
            "outcome_label": "dialogue_statement_DETDUP_dialogue_statement__reset-EQ-lock",
            "successor_id": "51"
        }
       ]
    },
    "53": {
      "expected_successor": "54",
      "action": "dialogue_statement",
      "state": "0x9a9650",
      "distance": 14,
      "is_relevant": 0,
      "is_goal": 0,
      "is_sc": 1,
      "successors": [
        {
            "outcome_label": "dialogue_statement_DETDUP_dialogue_statement__reset-EQ-lock",
            "successor_id": "54"
        }
       ]
    },
    "55": {
      "expected_successor": "24",
      "action": "slot-fill__get_outing",
      "state": "0x9aa220",
      "distance": 10,
      "is_relevant": 0,
      "is_goal": 0,
      "is_sc": 1,
      "successors": [
        {
            "outcome_label": "slot-fill__get_outing_DETDUP_slot-fill__get_outing__validate-slot-fill-EQ-budget_found",
            "successor_id": "60"
        },
        {
            "outcome_label": "slot-fill__get_outing_DETDUP_slot-fill__get_outing__validate-slot-fill-EQ-budget_found-outing_type_found",
            "successor_id": "24"
        },
        {
            "outcome_label": "slot-fill__get_outing_DETDUP_slot-fill__get_outing__validate-slot-fill-EQ-budget_found-outing_type_maybe-found",
            "successor_id": "57"
        },
        {
            "outcome_label": "slot-fill__get_outing_DETDUP_slot-fill__get_outing__validate-slot-fill-EQ-fallback",
            "successor_id": "56"
        },
        {
            "outcome_label": "slot-fill__get_outing_DETDUP_slot-fill__get_outing__validate-slot-fill-EQ-outing_type_found",
            "successor_id": "50"
        },
        {
            "outcome_label": "slot-fill__get_outing_DETDUP_slot-fill__get_outing__validate-slot-fill-EQ-outing_type_maybe-found",
            "successor_id": "54"
        }
       ]
    },
    "56": {
      "expected_successor": "55",
      "action": "dialogue_statement",
      "state": "0x9aab70",
      "distance": 11,
      "is_relevant": 0,
      "is_goal": 0,
      "is_sc": 1,
      "successors": [
        {
            "outcome_label": "dialogue_statement_DETDUP_dialogue_statement__reset-EQ-lock",
            "successor_id": "55"
        }
       ]
    },
    "58": {
      "expected_successor": "57",
      "action": "dialogue_statement",
      "state": "0x9ac4a0",
      "distance": 12,
      "is_relevant": 0,
      "is_goal": 0,
      "is_sc": 1,
      "successors": [
        {
            "outcome_label": "dialogue_statement_DETDUP_dialogue_statement__reset-EQ-lock",
            "successor_id": "57"
        }
       ]
    },
    "59": {
      "expected_successor": "48",
      "action": "single_slot__outing_type",
      "state": "0x9ab040",
      "distance": 11,
      "is_relevant": 0,
      "is_goal": 0,
      "is_sc": 1,
      "successors": [
        {
            "outcome_label": "single_slot__outing_type_DETDUP_single_slot__outing_type__validate-slot-fill-EQ-fallback",
            "successor_id": "60"
        },
        {
            "outcome_label": "single_slot__outing_type_DETDUP_single_slot__outing_type__validate-slot-fill-EQ-fill-slot",
            "successor_id": "48"
        },
        {
            "outcome_label": "single_slot__outing_type_DETDUP_single_slot__outing_type__validate-slot-fill-EQ-slot-unclear",
            "successor_id": "57"
        }
       ]
    },
    "57": {
      "expected_successor": "48",
      "action": "clarify__outing_type",
      "state": "0x9ad840",
      "distance": 11,
      "is_relevant": 0,
      "is_goal": 0,
      "is_sc": 1,
      "successors": [
        {
            "outcome_label": "clarify__outing_type_DETDUP_clarify__outing_type__validate-clarification-EQ-confirm",
            "successor_id": "48"
        },
        {
            "outcome_label": "clarify__outing_type_DETDUP_clarify__outing_type__validate-clarification-EQ-deny",
            "successor_id": "59"
        },
        {
            "outcome_label": "clarify__outing_type_DETDUP_clarify__outing_type__validate-clarification-EQ-fallback",
            "successor_id": "58"
        }
       ]
    },
    "60": {
      "expected_successor": "59",
      "action": "dialogue_statement",
      "state": "0x9a7610",
      "distance": 12,
      "is_relevant": 0,
      "is_goal": 0,
      "is_sc": 1,
      "successors": [
        {
            "outcome_label": "dialogue_statement_DETDUP_dialogue_statement__reset-EQ-lock",
            "successor_id": "59"
        }
       ]
    }
  },
  "edges" : [
      ["1", ">", "0"],
      ["2", ">", "1"],
      ["2", ">", "1"],
      ["2", ">", "1"],
      ["2", ">", "1"],
      ["3", ">", "2"],
      ["4", ">", "3"],
      ["4", ">", "11"],
      ["4", ">", "5"],
      ["5", ">", "4"],
      ["6", ">", "15"],
      ["6", ">", "5"],
      ["6", ">", "13"],
      ["11", ">", "3"],
      ["11", ">", "4"],
      ["11", ">", "12"],
      ["12", ">", "11"],
      ["13", ">", "5"],
      ["13", ">", "6"],
      ["13", ">", "14"],
      ["14", ">", "13"],
      ["15", ">", "6"],
      ["22", ">", "44"],
      ["22", ">", "21"],
      ["22", ">", "6"],
      ["23", ">", "47"],
      ["23", ">", "22"],
      ["23", ">", "45"],
      ["24", ">", "23"],
      ["24", ">", "23"],
      ["24", ">", "23"],
      ["24", ">", "23"],
      ["25", ">", "60"],
      ["25", ">", "24"],
      ["25", ">", "57"],
      ["25", ">", "56"],
      ["25", ">", "50"],
      ["25", ">", "51"],
      ["28", ">", "31"],
      ["29", ">", "38"],
      ["29", ">", "32"],
      ["30", ">", "31"],
      ["30", ">", "29"],
      ["30", ">", "4"],
      ["31", ">", "30"],
      ["34", ">", "37"],
      ["34", ">", "32"],
      ["34", ">", "35"],
      ["20", ">", "42"],
      ["20", ">", "19"],
      ["20", ">", "40"],
      ["21", ">", "43"],
      ["21", ">", "20"],
      ["16", ">", "2"],
      ["16", ">", "2"],
      ["16", ">", "2"],
      ["16", ">", "2"],
      ["16", ">", "28"],
      ["16", ">", "28"],
      ["18", ">", "17"],
      ["18", ">", "34"],
      ["18", ">", "19"],
      ["17", ">", "16"],
      ["19", ">", "18"],
      ["32", ">", "37"],
      ["32", ">", "34"],
      ["32", ">", "33"],
      ["33", ">", "32"],
      ["35", ">", "34"],
      ["36", ">", "2"],
      ["36", ">", "2"],
      ["36", ">", "2"],
      ["36", ">", "2"],
      ["36", ">", "28"],
      ["36", ">", "28"],
      ["37", ">", "36"],
      ["38", ">", "39"],
      ["39", ">", "38"],
      ["39", ">", "32"],
      ["40", ">", "19"],
      ["40", ">", "20"],
      ["40", ">", "41"],
      ["41", ">", "40"],
      ["42", ">", "20"],
      ["44", ">", "22"],
      ["47", ">", "23"],
      ["48", ">", "24"],
      ["49", ">", "50"],
      ["49", ">", "48"],
      ["45", ">", "22"],
      ["45", ">", "23"],
      ["45", ">", "46"],
      ["46", ">", "45"],
      ["43", ">", "21"],
      ["50", ">", "49"],
      ["51", ">", "50"],
      ["51", ">", "55"],
      ["51", ">", "52"],
      ["54", ">", "50"],
      ["54", ">", "55"],
      ["54", ">", "53"],
      ["52", ">", "51"],
      ["53", ">", "54"],
      ["55", ">", "60"],
      ["55", ">", "24"],
      ["55", ">", "57"],
      ["55", ">", "56"],
      ["55", ">", "50"],
      ["55", ">", "54"],
      ["56", ">", "55"],
      ["58", ">", "57"],
      ["59", ">", "60"],
      ["59", ">", "48"],
      ["59", ">", "57"],
      ["57", ">", "48"],
      ["57", ">", "59"],
      ["57", ">", "58"],
      ["60", ">", "59"]
  ],
  "states" : {
    "0x966140": [
      "Atom goal()"
    ],
    "0x984d90": [
      "Atom know__location()",
      "Atom know__phone_number()",
      "NegatedAtom forcing__get-allergy()",
      "NegatedAtom maybe-know__location()",
      "NegatedAtom maybe-know__phone_number()",
      "NegatedAtom force-statement()",
      "Atom know__restaurant()",
      "Atom know__outing()"
    ],
    "0x97d4b0": [
      "Atom know__location()",
      "Atom know__phone_number()",
      "NegatedAtom forcing__get-allergy()",
      "NegatedAtom maybe-know__location()",
      "NegatedAtom maybe-know__phone_number()",
      "Atom know__cuisine()",
      "NegatedAtom maybe-know__cuisine()",
      "Atom know__conflict()",
      "NegatedAtom conflict()",
      "NegatedAtom force-statement()",
      "NegatedAtom know__restaurant()",
      "Atom know__outing()"
    ],
    "0x984cf0": [
      "Atom know__location()",
      "Atom know__phone_number()",
      "NegatedAtom forcing__get-allergy()",
      "NegatedAtom maybe-know__location()",
      "NegatedAtom maybe-know__phone_number()",
      "Atom know__cuisine()",
      "NegatedAtom maybe-know__cuisine()",
      "Atom know__conflict()",
      "NegatedAtom conflict()",
      "Atom force-statement()",
      "Atom have-message()",
      "NegatedAtom know__restaurant()",
      "Atom know__outing()"
    ],
    "0x9808c0": [
      "Atom know__location()",
      "Atom know__phone_number()",
      "NegatedAtom forcing__get-allergy()",
      "NegatedAtom maybe-know__location()",
      "NegatedAtom maybe-know__phone_number()",
      "NegatedAtom know__cuisine()",
      "NegatedAtom maybe-know__cuisine()",
      "Atom know__conflict()",
      "NegatedAtom conflict()",
      "NegatedAtom force-statement()",
      "NegatedAtom know__restaurant()",
      "Atom know__outing()"
    ],
    "0x97f2b0": [
      "Atom know__location()",
      "Atom know__phone_number()",
      "NegatedAtom forcing__get-allergy()",
      "NegatedAtom maybe-know__location()",
      "NegatedAtom maybe-know__phone_number()",
      "NegatedAtom know__cuisine()",
      "NegatedAtom maybe-know__cuisine()",
      "Atom know__conflict()",
      "NegatedAtom conflict()",
      "Atom force-statement()",
      "Atom have-message()",
      "NegatedAtom know__restaurant()",
      "Atom know__outing()"
    ],
    "0x97f470": [
      "NegatedAtom know__location()",
      "Atom know__phone_number()",
      "NegatedAtom forcing__get-allergy()",
      "NegatedAtom maybe-know__location()",
      "NegatedAtom maybe-know__phone_number()",
      "NegatedAtom know__cuisine()",
      "NegatedAtom maybe-know__cuisine()",
      "Atom know__conflict()",
      "NegatedAtom conflict()",
      "NegatedAtom force-statement()",
      "NegatedAtom know__restaurant()",
      "Atom know__outing()"
    ],
    "0x988180": [
      "Atom know__location()",
      "Atom know__phone_number()",
      "NegatedAtom forcing__get-allergy()",
      "NegatedAtom maybe-know__location()",
      "NegatedAtom maybe-know__phone_number()",
      "NegatedAtom know__cuisine()",
      "Atom maybe-know__cuisine()",
      "Atom know__conflict()",
      "NegatedAtom conflict()",
      "NegatedAtom force-statement()",
      "NegatedAtom know__restaurant()",
      "Atom know__outing()"
    ],
    "0x9894d0": [
      "Atom know__location()",
      "Atom know__phone_number()",
      "NegatedAtom forcing__get-allergy()",
      "NegatedAtom maybe-know__location()",
      "NegatedAtom maybe-know__phone_number()",
      "NegatedAtom know__cuisine()",
      "Atom maybe-know__cuisine()",
      "Atom know__conflict()",
      "NegatedAtom conflict()",
      "Atom force-statement()",
      "Atom have-message()",
      "NegatedAtom know__restaurant()",
      "Atom know__outing()"
    ],
    "0x98a5e0": [
      "NegatedAtom know__location()",
      "Atom know__phone_number()",
      "NegatedAtom forcing__get-allergy()",
      "Atom maybe-know__location()",
      "NegatedAtom maybe-know__phone_number()",
      "NegatedAtom know__cuisine()",
      "NegatedAtom maybe-know__cuisine()",
      "Atom know__conflict()",
      "NegatedAtom conflict()",
      "NegatedAtom force-statement()",
      "NegatedAtom know__restaurant()",
      "Atom know__outing()"
    ],
    "0x98d8c0": [
      "NegatedAtom know__location()",
      "Atom know__phone_number()",
      "NegatedAtom forcing__get-allergy()",
      "Atom maybe-know__location()",
      "NegatedAtom maybe-know__phone_number()",
      "NegatedAtom know__cuisine()",
      "NegatedAtom maybe-know__cuisine()",
      "Atom know__conflict()",
      "NegatedAtom conflict()",
      "Atom force-statement()",
      "Atom have-message()",
      "NegatedAtom know__restaurant()",
      "Atom know__outing()"
    ],
    "0x98c4f0": [
      "NegatedAtom know__location()",
      "Atom know__phone_number()",
      "NegatedAtom forcing__get-allergy()",
      "NegatedAtom maybe-know__location()",
      "NegatedAtom maybe-know__phone_number()",
      "NegatedAtom know__cuisine()",
      "NegatedAtom maybe-know__cuisine()",
      "Atom know__conflict()",
      "NegatedAtom conflict()",
      "Atom force-statement()",
      "Atom have-message()",
      "NegatedAtom know__restaurant()",
      "Atom know__outing()"
    ],
    "0x98e970": [
      "NegatedAtom know__location()",
      "Atom know__phone_number()",
      "NegatedAtom forcing__get-allergy()",
      "NegatedAtom maybe-know__location()",
      "NegatedAtom maybe-know__phone_number()",
      "NegatedAtom know__have_allergy()",
      "NegatedAtom know__cuisine()",
      "NegatedAtom maybe-know__cuisine()",
      "NegatedAtom know__conflict()",
      "NegatedAtom force-statement()",
      "NegatedAtom know__restaurant()",
      "Atom know__outing()"
    ],
    "0x98eb80": [
      "NegatedAtom know__location()",
      "NegatedAtom know__phone_number()",
      "NegatedAtom forcing__get-allergy()",
      "NegatedAtom maybe-know__location()",
      "NegatedAtom maybe-know__phone_number()",
      "NegatedAtom know__have_allergy()",
      "NegatedAtom know__cuisine()",
      "NegatedAtom maybe-know__cuisine()",
      "NegatedAtom know__conflict()",
      "NegatedAtom force-statement()",
      "NegatedAtom know__restaurant()",
      "Atom know__outing()"
    ],
    "0x98ed60": [
      "NegatedAtom know__location()",
      "NegatedAtom know__phone_number()",
      "NegatedAtom forcing__get-allergy()",
      "NegatedAtom maybe-know__location()",
      "NegatedAtom maybe-know__phone_number()",
      "NegatedAtom know__have_allergy()",
      "NegatedAtom know__cuisine()",
      "NegatedAtom maybe-know__cuisine()",
      "NegatedAtom know__conflict()",
      "Atom know__outing_type()",
      "Atom know__budget()",
      "NegatedAtom maybe-know__outing_type()",
      "NegatedAtom force-statement()",
      "NegatedAtom know__restaurant()"
    ],
    "0x98ef20": [
      "NegatedAtom know__location()",
      "NegatedAtom know__phone_number()",
      "NegatedAtom forcing__get-allergy()",
      "NegatedAtom maybe-know__location()",
      "NegatedAtom maybe-know__phone_number()",
      "NegatedAtom know__have_allergy()",
      "NegatedAtom know__cuisine()",
      "NegatedAtom maybe-know__cuisine()",
      "NegatedAtom know__conflict()",
      "NegatedAtom know__outing_type()",
      "NegatedAtom know__budget()",
      "NegatedAtom maybe-know__outing_type()",
      "NegatedAtom force-statement()",
      "NegatedAtom know__restaurant()"
    ],
    "0x98ff20": [
      "Atom know__location()",
      "Atom know__phone_number()",
      "NegatedAtom forcing__get-allergy()",
      "NegatedAtom maybe-know__location()",
      "NegatedAtom maybe-know__phone_number()",
      "Atom know__conflict()",
      "Atom conflict()",
      "NegatedAtom force-statement()",
      "NegatedAtom know__restaurant()",
      "Atom know__outing()"
    ],
    "0x991e40": [
      "Atom have_allergy()",
      "Atom know__location()",
      "Atom know__phone_number()",
      "NegatedAtom maybe-know__location()",
      "NegatedAtom maybe-know__phone_number()",
      "Atom know__have_allergy()",
      "NegatedAtom know__cuisine()",
      "NegatedAtom maybe-know__cuisine()",
      "NegatedAtom know__conflict()",
      "NegatedAtom force-statement()",
      "NegatedAtom know__restaurant()",
      "Atom know__outing()"
    ],
    "0x9940a0": [
      "Atom know__location()",
      "Atom know__phone_number()",
      "NegatedAtom forcing__get-allergy()",
      "NegatedAtom maybe-know__location()",
      "NegatedAtom maybe-know__phone_number()",
      "NegatedAtom know__have_allergy()",
      "NegatedAtom know__cuisine()",
      "NegatedAtom maybe-know__cuisine()",
      "NegatedAtom know__conflict()",
      "NegatedAtom force-statement()",
      "NegatedAtom know__restaurant()",
      "Atom know__outing()"
    ],
    "0x991ce0": [
      "Atom know__location()",
      "Atom know__phone_number()",
      "NegatedAtom forcing__get-allergy()",
      "NegatedAtom maybe-know__location()",
      "NegatedAtom maybe-know__phone_number()",
      "NegatedAtom know__have_allergy()",
      "NegatedAtom know__cuisine()",
      "NegatedAtom maybe-know__cuisine()",
      "NegatedAtom know__conflict()",
      "Atom force-statement()",
      "Atom have-message()",
      "NegatedAtom know__restaurant()",
      "Atom know__outing()"
    ],
    "0x992730": [
      "Atom have_allergy()",
      "Atom know__location()",
      "Atom know__phone_number()",
      "NegatedAtom forcing__get-allergy()",
      "NegatedAtom maybe-know__location()",
      "NegatedAtom maybe-know__phone_number()",
      "Atom know__food_restriction()",
      "Atom know__have_allergy()",
      "NegatedAtom know__cuisine()",
      "Atom maybe-know__cuisine()",
      "NegatedAtom know__conflict()",
      "NegatedAtom force-statement()",
      "NegatedAtom know__restaurant()",
      "Atom know__outing()"
    ],
    "0x98c9d0": [
      "Atom have_allergy()",
      "NegatedAtom know__location()",
      "Atom know__phone_number()",
      "NegatedAtom forcing__get-allergy()",
      "NegatedAtom maybe-know__location()",
      "NegatedAtom maybe-know__phone_number()",
      "Atom know__food_restriction()",
      "Atom know__have_allergy()",
      "NegatedAtom know__cuisine()",
      "NegatedAtom maybe-know__cuisine()",
      "NegatedAtom know__conflict()",
      "NegatedAtom force-statement()",
      "NegatedAtom know__restaurant()",
      "Atom know__outing()"
    ],
    "0x97d490": [
      "Atom have_allergy()",
      "NegatedAtom know__location()",
      "Atom know__phone_number()",
      "NegatedAtom maybe-know__location()",
      "NegatedAtom maybe-know__phone_number()",
      "Atom know__have_allergy()",
      "NegatedAtom know__cuisine()",
      "NegatedAtom maybe-know__cuisine()",
      "NegatedAtom know__conflict()",
      "NegatedAtom force-statement()",
      "NegatedAtom know__restaurant()",
      "Atom know__outing()"
    ],
    "0x98c3f0": [
      "Atom have_allergy()",
      "Atom know__location()",
      "Atom know__phone_number()",
      "NegatedAtom forcing__get-allergy()",
      "NegatedAtom maybe-know__location()",
      "NegatedAtom maybe-know__phone_number()",
      "Atom know__food_restriction()",
      "Atom know__have_allergy()",
      "Atom know__cuisine()",
      "NegatedAtom maybe-know__cuisine()",
      "NegatedAtom know__conflict()",
      "NegatedAtom force-statement()",
      "NegatedAtom know__restaurant()",
      "Atom know__outing()"
    ],
    "0x98d270": [
      "Atom have_allergy()",
      "Atom know__location()",
      "Atom know__phone_number()",
      "NegatedAtom forcing__get-allergy()",
      "NegatedAtom maybe-know__location()",
      "NegatedAtom maybe-know__phone_number()",
      "Atom know__food_restriction()",
      "Atom know__have_allergy()",
      "NegatedAtom know__cuisine()",
      "NegatedAtom maybe-know__cuisine()",
      "NegatedAtom know__conflict()",
      "NegatedAtom force-statement()",
      "NegatedAtom know__restaurant()",
      "Atom know__outing()"
    ],
    "0x984e90": [
      "Atom have_allergy()",
      "Atom know__location()",
      "Atom know__phone_number()",
      "NegatedAtom forcing__get-allergy()",
      "NegatedAtom maybe-know__location()",
      "NegatedAtom maybe-know__phone_number()",
      "Atom know__food_restriction()",
      "Atom know__have_allergy()",
      "Atom know__cuisine()",
      "NegatedAtom maybe-know__cuisine()",
      "NegatedAtom know__conflict()",
      "Atom force-statement()",
      "Atom have-message()",
      "NegatedAtom know__restaurant()",
      "Atom know__outing()"
    ],
    "0x994d80": [
      "Atom have_allergy()",
      "Atom know__location()",
      "Atom know__phone_number()",
      "NegatedAtom forcing__get-allergy()",
      "NegatedAtom maybe-know__location()",
      "NegatedAtom maybe-know__phone_number()",
      "Atom know__food_restriction()",
      "Atom know__have_allergy()",
      "NegatedAtom know__cuisine()",
      "NegatedAtom maybe-know__cuisine()",
      "NegatedAtom know__conflict()",
      "Atom force-statement()",
      "Atom have-message()",
      "NegatedAtom know__restaurant()",
      "Atom know__outing()"
    ],
    "0x991cc0": [
      "Atom have_allergy()",
      "Atom know__location()",
      "Atom know__phone_number()",
      "NegatedAtom forcing__get-allergy()",
      "NegatedAtom maybe-know__location()",
      "NegatedAtom maybe-know__phone_number()",
      "Atom know__food_restriction()",
      "Atom know__have_allergy()",
      "NegatedAtom know__cuisine()",
      "NegatedAtom maybe-know__cuisine()",
      "NegatedAtom know__conflict()",
      "NegatedAtom force-statement()",
      "NegatedAtom know__restaurant()",
      "Atom know__outing()"
    ],
    "0x9906f0": [
      "Atom have_allergy()",
      "Atom know__location()",
      "Atom know__phone_number()",
      "NegatedAtom forcing__get-allergy()",
      "NegatedAtom maybe-know__location()",
      "NegatedAtom maybe-know__phone_number()",
      "Atom know__food_restriction()",
      "Atom know__have_allergy()",
      "NegatedAtom know__cuisine()",
      "NegatedAtom maybe-know__cuisine()",
      "NegatedAtom know__conflict()",
      "Atom force-statement()",
      "Atom have-message()",
      "NegatedAtom know__restaurant()",
      "Atom know__outing()"
    ],
    "0x999e80": [
      "Atom have_allergy()",
      "Atom know__location()",
      "Atom know__phone_number()",
      "NegatedAtom forcing__get-allergy()",
      "NegatedAtom maybe-know__location()",
      "NegatedAtom maybe-know__phone_number()",
      "Atom know__food_restriction()",
      "Atom know__have_allergy()",
      "NegatedAtom know__cuisine()",
      "Atom maybe-know__cuisine()",
      "NegatedAtom know__conflict()",
      "Atom force-statement()",
      "Atom have-message()",
      "NegatedAtom know__restaurant()",
      "Atom know__outing()"
    ],
    "0x98e950": [
      "Atom have_allergy()",
      "Atom know__location()",
      "Atom know__phone_number()",
      "NegatedAtom forcing__get-allergy()",
      "NegatedAtom maybe-know__location()",
      "NegatedAtom maybe-know__phone_number()",
      "Atom know__food_restriction()",
      "Atom know__have_allergy()",
      "Atom know__cuisine()",
      "NegatedAtom maybe-know__cuisine()",
      "NegatedAtom know__conflict()",
      "NegatedAtom force-statement()",
      "NegatedAtom know__restaurant()",
      "Atom know__outing()"
    ],
    "0x99b740": [
      "Atom have_allergy()",
      "Atom know__location()",
      "Atom know__phone_number()",
      "NegatedAtom forcing__get-allergy()",
      "NegatedAtom maybe-know__location()",
      "NegatedAtom maybe-know__phone_number()",
      "Atom know__food_restriction()",
      "Atom know__have_allergy()",
      "Atom know__cuisine()",
      "NegatedAtom maybe-know__cuisine()",
      "NegatedAtom know__conflict()",
      "Atom force-statement()",
      "Atom have-message()",
      "NegatedAtom know__restaurant()",
      "Atom know__outing()"
    ],
    "0x99bd40": [
      "Atom have_allergy()",
      "Atom know__location()",
      "Atom know__phone_number()",
      "NegatedAtom maybe-know__location()",
      "NegatedAtom maybe-know__phone_number()",
      "Atom know__have_allergy()",
      "NegatedAtom know__cuisine()",
      "NegatedAtom maybe-know__cuisine()",
      "NegatedAtom know__conflict()",
      "Atom force-statement()",
      "Atom have-message()",
      "NegatedAtom know__restaurant()",
      "Atom know__outing()"
    ],
    "0x99c8e0": [
      "Atom have_allergy()",
      "Atom know__location()",
      "Atom know__phone_number()",
      "NegatedAtom maybe-know__location()",
      "NegatedAtom maybe-know__phone_number()",
      "Atom know__have_allergy()",
      "NegatedAtom know__cuisine()",
      "NegatedAtom maybe-know__cuisine()",
      "NegatedAtom know__conflict()",
      "NegatedAtom force-statement()",
      "NegatedAtom know__restaurant()",
      "Atom know__outing()"
    ],
    "0x99d220": [
      "Atom have_allergy()",
      "NegatedAtom know__location()",
      "Atom know__phone_number()",
      "NegatedAtom forcing__get-allergy()",
      "Atom maybe-know__location()",
      "NegatedAtom maybe-know__phone_number()",
      "Atom know__food_restriction()",
      "Atom know__have_allergy()",
      "NegatedAtom know__cuisine()",
      "NegatedAtom maybe-know__cuisine()",
      "NegatedAtom know__conflict()",
      "NegatedAtom force-statement()",
      "NegatedAtom know__restaurant()",
      "Atom know__outing()"
    ],
    "0x99f170": [
      "Atom have_allergy()",
      "NegatedAtom know__location()",
      "Atom know__phone_number()",
      "NegatedAtom forcing__get-allergy()",
      "Atom maybe-know__location()",
      "NegatedAtom maybe-know__phone_number()",
      "Atom know__food_restriction()",
      "Atom know__have_allergy()",
      "NegatedAtom know__cuisine()",
      "NegatedAtom maybe-know__cuisine()",
      "NegatedAtom know__conflict()",
      "Atom force-statement()",
      "Atom have-message()",
      "NegatedAtom know__restaurant()",
      "Atom know__outing()"
    ],
    "0x998540": [
      "Atom have_allergy()",
      "NegatedAtom know__location()",
      "Atom know__phone_number()",
      "NegatedAtom forcing__get-allergy()",
      "NegatedAtom maybe-know__location()",
      "NegatedAtom maybe-know__phone_number()",
      "Atom know__food_restriction()",
      "Atom know__have_allergy()",
      "NegatedAtom know__cuisine()",
      "NegatedAtom maybe-know__cuisine()",
      "NegatedAtom know__conflict()",
      "Atom force-statement()",
      "Atom have-message()",
      "NegatedAtom know__restaurant()",
      "Atom know__outing()"
    ],
    "0x9a5130": [
      "NegatedAtom know__location()",
      "Atom know__phone_number()",
      "NegatedAtom forcing__get-allergy()",
      "NegatedAtom maybe-know__location()",
      "NegatedAtom maybe-know__phone_number()",
      "NegatedAtom know__have_allergy()",
      "NegatedAtom know__cuisine()",
      "NegatedAtom maybe-know__cuisine()",
      "NegatedAtom know__conflict()",
      "Atom force-statement()",
      "Atom have-message()",
      "NegatedAtom know__restaurant()",
      "Atom know__outing()"
    ],
    "0x9a1a20": [
      "NegatedAtom know__location()",
      "NegatedAtom know__phone_number()",
      "NegatedAtom forcing__get-allergy()",
      "NegatedAtom maybe-know__location()",
      "NegatedAtom maybe-know__phone_number()",
      "NegatedAtom know__have_allergy()",
      "NegatedAtom know__cuisine()",
      "NegatedAtom maybe-know__cuisine()",
      "NegatedAtom know__conflict()",
      "Atom force-statement()",
      "Atom have-message()",
      "NegatedAtom know__restaurant()",
      "Atom know__outing()"
    ],
    "0x9a28a0": [
      "NegatedAtom know__location()",
      "NegatedAtom know__phone_number()",
      "NegatedAtom forcing__get-allergy()",
      "NegatedAtom maybe-know__location()",
      "NegatedAtom maybe-know__phone_number()",
      "NegatedAtom know__have_allergy()",
      "NegatedAtom know__cuisine()",
      "NegatedAtom maybe-know__cuisine()",
      "NegatedAtom know__conflict()",
      "Atom know__outing_type()",
      "Atom know__budget()",
      "NegatedAtom maybe-know__outing_type()",
      "Atom force-statement()",
      "Atom have-message()",
      "NegatedAtom know__restaurant()"
    ],
    "0x9a47f0": [
      "NegatedAtom know__location()",
      "NegatedAtom know__phone_number()",
      "NegatedAtom forcing__get-allergy()",
      "NegatedAtom maybe-know__location()",
      "NegatedAtom maybe-know__phone_number()",
      "NegatedAtom know__have_allergy()",
      "NegatedAtom know__cuisine()",
      "NegatedAtom maybe-know__cuisine()",
      "Atom allow_single_slot_budget()",
      "NegatedAtom know__conflict()",
      "Atom know__outing_type()",
      "NegatedAtom know__budget()",
      "NegatedAtom maybe-know__outing_type()",
      "NegatedAtom force-statement()",
      "NegatedAtom know__restaurant()"
    ],
    "0x99b9c0": [
      "NegatedAtom know__location()",
      "NegatedAtom know__phone_number()",
      "NegatedAtom forcing__get-allergy()",
      "NegatedAtom maybe-know__location()",
      "Atom maybe-know__phone_number()",
      "NegatedAtom know__have_allergy()",
      "NegatedAtom know__cuisine()",
      "NegatedAtom maybe-know__cuisine()",
      "NegatedAtom know__conflict()",
      "NegatedAtom force-statement()",
      "NegatedAtom know__restaurant()",
      "Atom know__outing()"
    ],
    "0x9a4610": [
      "NegatedAtom know__location()",
      "NegatedAtom know__phone_number()",
      "NegatedAtom forcing__get-allergy()",
      "NegatedAtom maybe-know__location()",
      "Atom maybe-know__phone_number()",
      "NegatedAtom know__have_allergy()",
      "NegatedAtom know__cuisine()",
      "NegatedAtom maybe-know__cuisine()",
      "NegatedAtom know__conflict()",
      "Atom force-statement()",
      "Atom have-message()",
      "NegatedAtom know__restaurant()",
      "Atom know__outing()"
    ],
    "0x99fc60": [
      "Atom have_allergy()",
      "NegatedAtom know__location()",
      "Atom know__phone_number()",
      "NegatedAtom maybe-know__location()",
      "NegatedAtom maybe-know__phone_number()",
      "Atom know__have_allergy()",
      "NegatedAtom know__cuisine()",
      "NegatedAtom maybe-know__cuisine()",
      "NegatedAtom know__conflict()",
      "Atom force-statement()",
      "Atom have-message()",
      "NegatedAtom know__restaurant()",
      "Atom know__outing()"
    ],
    "0x9a1570": [
      "NegatedAtom know__location()",
      "NegatedAtom know__phone_number()",
      "NegatedAtom forcing__get-allergy()",
      "NegatedAtom maybe-know__location()",
      "NegatedAtom maybe-know__phone_number()",
      "NegatedAtom know__have_allergy()",
      "NegatedAtom know__cuisine()",
      "NegatedAtom maybe-know__cuisine()",
      "Atom allow_single_slot_budget()",
      "NegatedAtom know__conflict()",
      "Atom know__outing_type()",
      "NegatedAtom know__budget()",
      "NegatedAtom maybe-know__outing_type()",
      "Atom force-statement()",
      "Atom have-message()",
      "NegatedAtom know__restaurant()"
    ],
    "0x9a2540": [
      "NegatedAtom know__location()",
      "NegatedAtom know__phone_number()",
      "NegatedAtom forcing__get-allergy()",
      "NegatedAtom maybe-know__location()",
      "NegatedAtom maybe-know__phone_number()",
      "NegatedAtom know__have_allergy()",
      "NegatedAtom know__cuisine()",
      "NegatedAtom maybe-know__cuisine()",
      "Atom allow_single_slot_budget()",
      "NegatedAtom know__conflict()",
      "NegatedAtom know__outing_type()",
      "NegatedAtom know__budget()",
      "Atom maybe-know__outing_type()",
      "NegatedAtom force-statement()",
      "NegatedAtom know__restaurant()"
    ],
    "0x9aa150": [
      "NegatedAtom know__location()",
      "NegatedAtom know__phone_number()",
      "NegatedAtom forcing__get-allergy()",
      "NegatedAtom maybe-know__location()",
      "NegatedAtom maybe-know__phone_number()",
      "NegatedAtom know__have_allergy()",
      "NegatedAtom know__cuisine()",
      "NegatedAtom maybe-know__cuisine()",
      "Atom allow_single_slot_budget()",
      "NegatedAtom know__conflict()",
      "NegatedAtom know__outing_type()",
      "NegatedAtom know__budget()",
      "Atom maybe-know__outing_type()",
      "NegatedAtom force-statement()",
      "NegatedAtom know__restaurant()"
    ],
    "0x9a8010": [
      "NegatedAtom know__location()",
      "NegatedAtom know__phone_number()",
      "NegatedAtom forcing__get-allergy()",
      "NegatedAtom maybe-know__location()",
      "NegatedAtom maybe-know__phone_number()",
      "NegatedAtom know__have_allergy()",
      "NegatedAtom know__cuisine()",
      "NegatedAtom maybe-know__cuisine()",
      "Atom allow_single_slot_budget()",
      "NegatedAtom know__conflict()",
      "NegatedAtom know__outing_type()",
      "NegatedAtom know__budget()",
      "Atom maybe-know__outing_type()",
      "Atom force-statement()",
      "Atom have-message()",
      "NegatedAtom know__restaurant()"
    ],
    "0x9a9650": [
      "NegatedAtom know__location()",
      "NegatedAtom know__phone_number()",
      "NegatedAtom forcing__get-allergy()",
      "NegatedAtom maybe-know__location()",
      "NegatedAtom maybe-know__phone_number()",
      "NegatedAtom know__have_allergy()",
      "NegatedAtom know__cuisine()",
      "NegatedAtom maybe-know__cuisine()",
      "Atom allow_single_slot_budget()",
      "NegatedAtom know__conflict()",
      "NegatedAtom know__outing_type()",
      "NegatedAtom know__budget()",
      "Atom maybe-know__outing_type()",
      "Atom force-statement()",
      "Atom have-message()",
      "NegatedAtom know__restaurant()"
    ],
    "0x9aa220": [
      "NegatedAtom know__location()",
      "NegatedAtom know__phone_number()",
      "NegatedAtom forcing__get-allergy()",
      "NegatedAtom maybe-know__location()",
      "NegatedAtom maybe-know__phone_number()",
      "NegatedAtom know__have_allergy()",
      "NegatedAtom know__cuisine()",
      "NegatedAtom maybe-know__cuisine()",
      "NegatedAtom know__conflict()",
      "NegatedAtom know__outing_type()",
      "NegatedAtom know__budget()",
      "NegatedAtom maybe-know__outing_type()",
      "NegatedAtom force-statement()",
      "NegatedAtom know__restaurant()"
    ],
    "0x9aab70": [
      "NegatedAtom know__location()",
      "NegatedAtom know__phone_number()",
      "NegatedAtom forcing__get-allergy()",
      "NegatedAtom maybe-know__location()",
      "NegatedAtom maybe-know__phone_number()",
      "NegatedAtom know__have_allergy()",
      "NegatedAtom know__cuisine()",
      "NegatedAtom maybe-know__cuisine()",
      "NegatedAtom know__conflict()",
      "NegatedAtom know__outing_type()",
      "NegatedAtom know__budget()",
      "NegatedAtom maybe-know__outing_type()",
      "Atom force-statement()",
      "Atom have-message()",
      "NegatedAtom know__restaurant()"
    ],
    "0x9ac4a0": [
      "NegatedAtom know__location()",
      "NegatedAtom know__phone_number()",
      "NegatedAtom forcing__get-allergy()",
      "NegatedAtom maybe-know__location()",
      "NegatedAtom maybe-know__phone_number()",
      "NegatedAtom know__have_allergy()",
      "NegatedAtom know__cuisine()",
      "NegatedAtom maybe-know__cuisine()",
      "NegatedAtom know__conflict()",
      "NegatedAtom know__outing_type()",
      "Atom know__budget()",
      "Atom maybe-know__outing_type()",
      "Atom force-statement()",
      "Atom have-message()",
      "NegatedAtom know__restaurant()"
    ],
    "0x9ab040": [
      "NegatedAtom know__location()",
      "NegatedAtom know__phone_number()",
      "NegatedAtom forcing__get-allergy()",
      "NegatedAtom maybe-know__location()",
      "NegatedAtom maybe-know__phone_number()",
      "NegatedAtom know__have_allergy()",
      "Atom allow_single_slot_outing_type()",
      "NegatedAtom know__cuisine()",
      "NegatedAtom maybe-know__cuisine()",
      "NegatedAtom know__conflict()",
      "NegatedAtom know__outing_type()",
      "Atom know__budget()",
      "NegatedAtom maybe-know__outing_type()",
      "NegatedAtom force-statement()",
      "NegatedAtom know__restaurant()"
    ],
    "0x9ad840": [
      "NegatedAtom know__location()",
      "NegatedAtom know__phone_number()",
      "NegatedAtom forcing__get-allergy()",
      "NegatedAtom maybe-know__location()",
      "NegatedAtom maybe-know__phone_number()",
      "NegatedAtom know__have_allergy()",
      "NegatedAtom know__cuisine()",
      "NegatedAtom maybe-know__cuisine()",
      "NegatedAtom know__conflict()",
      "NegatedAtom know__outing_type()",
      "Atom know__budget()",
      "Atom maybe-know__outing_type()",
      "NegatedAtom force-statement()",
      "NegatedAtom know__restaurant()"
    ],
    "0x9a7610": [
      "NegatedAtom know__location()",
      "NegatedAtom know__phone_number()",
      "NegatedAtom forcing__get-allergy()",
      "NegatedAtom maybe-know__location()",
      "NegatedAtom maybe-know__phone_number()",
      "NegatedAtom know__have_allergy()",
      "Atom allow_single_slot_outing_type()",
      "NegatedAtom know__cuisine()",
      "NegatedAtom maybe-know__cuisine()",
      "NegatedAtom know__conflict()",
      "NegatedAtom know__outing_type()",
      "Atom know__budget()",
      "NegatedAtom maybe-know__outing_type()",
      "Atom force-statement()",
      "Atom have-message()",
      "NegatedAtom know__restaurant()"
    ]
   }
}